{"error":{"code":11000,"errorLabelSet":{},"errorResponse":{"code":11000,"errmsg":"E11000 duplicate key error collection: fms-cloud-local-dev-db.userglobals index: phoneNumber_1 dup key: { phoneNumber: \"\" }","index":0,"keyPattern":{"phoneNumber":1},"keyValue":{"phoneNumber":""}},"index":0,"keyPattern":{"phoneNumber":1},"keyValue":{"phoneNumber":""}},"level":"error","message":"Error in verifyOtp"}
{"error":{"code":11000,"errorLabelSet":{},"errorResponse":{"code":11000,"errmsg":"E11000 duplicate key error collection: fms-cloud-local-dev-db.userglobals index: phoneNumber_1 dup key: { phoneNumber: \"\" }","index":0,"keyPattern":{"phoneNumber":1},"keyValue":{"phoneNumber":""}},"index":0,"keyPattern":{"phoneNumber":1},"keyValue":{"phoneNumber":""}},"level":"error","message":"Error in verifyOtp"}
{"error":{"code":11000,"errorLabelSet":{},"errorResponse":{"code":11000,"errmsg":"E11000 duplicate key error collection: fms-cloud-local-dev-db.userglobals index: phoneNumber_1 dup key: { phoneNumber: \"\" }","index":0,"keyPattern":{"phoneNumber":1},"keyValue":{"phoneNumber":""}},"index":0,"keyPattern":{"phoneNumber":1},"keyValue":{"phoneNumber":""}},"level":"error","message":"Error in verifyOtp"}
{"error":{"code":11000,"errorLabelSet":{},"errorResponse":{"code":11000,"errmsg":"E11000 duplicate key error collection: fms-cloud-local-dev-db.userglobals index: phoneNumber_1 dup key: { phoneNumber: \"\" }","index":0,"keyPattern":{"phoneNumber":1},"keyValue":{"phoneNumber":""}},"index":0,"keyPattern":{"phoneNumber":1},"keyValue":{"phoneNumber":""}},"level":"error","message":"Error in verifyOtp"}
{"error":{"code":11000,"errorLabelSet":{},"errorResponse":{"code":11000,"errmsg":"E11000 duplicate key error collection: fms-cloud-local-dev-db.userglobals index: phoneNumber_1 dup key: { phoneNumber: \"\" }","index":0,"keyPattern":{"phoneNumber":1},"keyValue":{"phoneNumber":""}},"index":0,"keyPattern":{"phoneNumber":1},"keyValue":{"phoneNumber":""}},"level":"error","message":"Error in verifyOtp"}
{"error":{"code":11000,"errorLabelSet":{},"errorResponse":{"code":11000,"errmsg":"E11000 duplicate key error collection: fms-cloud-local-dev-db.userglobals index: phoneNumber_1 dup key: { phoneNumber: \"\" }","index":0,"keyPattern":{"phoneNumber":1},"keyValue":{"phoneNumber":""}},"index":0,"keyPattern":{"phoneNumber":1},"keyValue":{"phoneNumber":""}},"level":"error","message":"Error in verifyOtp"}
{"error":{"code":11000,"errorLabelSet":{},"errorResponse":{"code":11000,"errmsg":"E11000 duplicate key error collection: fms-cloud-local-dev-db.userglobals index: phoneNumber_1 dup key: { phoneNumber: \"\" }","index":0,"keyPattern":{"phoneNumber":1},"keyValue":{"phoneNumber":""}},"index":0,"keyPattern":{"phoneNumber":1},"keyValue":{"phoneNumber":""}},"level":"error","message":"Error in verifyOtp"}
{"error":{},"level":"error","message":"Error in verifyOtp"}
{"error":{},"level":"error","message":"Error in verifyOtp"}
{"error":{},"level":"error","message":"Error in verifyOtp"}
{"error":{},"level":"error","message":"Error in verifyOtp"}
{"error":{},"level":"error","message":"Error in verifyOtp"}
{"error":{},"level":"error","message":"Error in verifyOtp"}
{"error":{},"level":"error","message":"Error in verifyOtp"}
{"error":{},"level":"error","message":"Error in verifyOtp"}
{"error":{},"level":"error","message":"Error in verifyOtp"}
{"error":{},"level":"error","message":"Error in verifyOtp"}
{"error":{},"level":"error","message":"Error in verifyOtp"}
{"error":{"code":11000,"errorLabelSet":{},"errorResponse":{"code":11000,"errmsg":"E11000 duplicate key error collection: fms-cloud-local-dev-db.userotps index: phoneNumber_1 dup key: { phoneNumber: null }","index":0,"keyPattern":{"phoneNumber":1},"keyValue":{"phoneNumber":null}},"index":0,"keyPattern":{"phoneNumber":1},"keyValue":{"phoneNumber":null}},"level":"error","message":"Error in sendOtp"}
{"error":{"_message":"UserGlobal validation failed","errors":{"password":{"kind":"required","message":"Path `password` is required.","name":"ValidatorError","path":"password","properties":{"message":"Path `password` is required.","path":"password","type":"required","value":""},"value":""}},"message":"UserGlobal validation failed: password: Path `password` is required.","name":"ValidationError"},"level":"error","message":"Error in verifyOtp"}
{"error":{"_message":"UserGlobal validation failed","errors":{"password":{"kind":"required","message":"Path `password` is required.","name":"ValidatorError","path":"password","properties":{"message":"Path `password` is required.","path":"password","type":"required","value":""},"value":""}},"message":"UserGlobal validation failed: password: Path `password` is required.","name":"ValidationError"},"level":"error","message":"Error in verifyOtp"}
{"error":{"code":11000,"errorLabelSet":{},"errorResponse":{"code":11000,"errmsg":"E11000 duplicate key error collection: fms-cloud-local-dev-db.userglobals index: phoneNumber_1 dup key: { phoneNumber: \"\" }","index":0,"keyPattern":{"phoneNumber":1},"keyValue":{"phoneNumber":""}},"index":0,"keyPattern":{"phoneNumber":1},"keyValue":{"phoneNumber":""}},"level":"error","message":"Error in verifyOtp"}
{"error":{"code":11000,"errorLabelSet":{},"errorResponse":{"code":11000,"errmsg":"E11000 duplicate key error collection: fms-cloud-local-dev-db.userglobals index: phoneNumber_1 dup key: { phoneNumber: \"\" }","index":0,"keyPattern":{"phoneNumber":1},"keyValue":{"phoneNumber":""}},"index":0,"keyPattern":{"phoneNumber":1},"keyValue":{"phoneNumber":""}},"level":"error","message":"Error in verifyOtp"}
{"error":{"code":11000,"errorLabelSet":{},"errorResponse":{"code":11000,"errmsg":"E11000 duplicate key error collection: fms-cloud-local-dev-db.userotps index: phoneNumber_1 dup key: { phoneNumber: null }","index":0,"keyPattern":{"phoneNumber":1},"keyValue":{"phoneNumber":null}},"index":0,"keyPattern":{"phoneNumber":1},"keyValue":{"phoneNumber":null}},"level":"error","message":"Error in sendOtp"}
{"error":{"code":11000,"errorLabelSet":{},"errorResponse":{"code":11000,"errmsg":"E11000 duplicate key error collection: fms-cloud-local-dev-db.userotps index: phoneNumber_1 dup key: { phoneNumber: null }","index":0,"keyPattern":{"phoneNumber":1},"keyValue":{"phoneNumber":null}},"index":0,"keyPattern":{"phoneNumber":1},"keyValue":{"phoneNumber":null}},"level":"error","message":"Error in sendOtp"}
{"error":{"code":11000,"errorLabelSet":{},"errorResponse":{"code":11000,"errmsg":"E11000 duplicate key error collection: fms-cloud-local-dev-db.userglobals index: phoneNumber_1 dup key: { phoneNumber: \"\" }","index":0,"keyPattern":{"phoneNumber":1},"keyValue":{"phoneNumber":""}},"index":0,"keyPattern":{"phoneNumber":1},"keyValue":{"phoneNumber":""}},"level":"error","message":"Error in verifyOtp"}
{"error":{"code":11000,"errorLabelSet":{},"errorResponse":{"code":11000,"errmsg":"E11000 duplicate key error collection: fms-cloud-local-dev-db.userglobals index: phoneNumber_1 dup key: { phoneNumber: \"\" }","index":0,"keyPattern":{"phoneNumber":1},"keyValue":{"phoneNumber":""}},"index":0,"keyPattern":{"phoneNumber":1},"keyValue":{"phoneNumber":""}},"level":"error","message":"Error in verifyOtp"}
{"error":{"code":11000,"errorLabelSet":{},"errorResponse":{"code":11000,"errmsg":"E11000 duplicate key error collection: fms-cloud-local-dev-db.userglobals index: phoneNumber_1 dup key: { phoneNumber: \"\" }","index":0,"keyPattern":{"phoneNumber":1},"keyValue":{"phoneNumber":""}},"index":0,"keyPattern":{"phoneNumber":1},"keyValue":{"phoneNumber":""}},"level":"error","message":"Error in verifyOtp"}
{"error":{"code":11000,"errorLabelSet":{},"errorResponse":{"code":11000,"errmsg":"E11000 duplicate key error collection: fms-cloud-local-dev-db.userglobals index: phoneNumber_1 dup key: { phoneNumber: \"\" }","index":0,"keyPattern":{"phoneNumber":1},"keyValue":{"phoneNumber":""}},"index":0,"keyPattern":{"phoneNumber":1},"keyValue":{"phoneNumber":""}},"level":"error","message":"Error in verifyOtp"}
{"error":{"code":11000,"errorLabelSet":{},"errorResponse":{"code":11000,"errmsg":"E11000 duplicate key error collection: fms-cloud-local-dev-db.userglobals index: phoneNumber_1 dup key: { phoneNumber: \"\" }","index":0,"keyPattern":{"phoneNumber":1},"keyValue":{"phoneNumber":""}},"index":0,"keyPattern":{"phoneNumber":1},"keyValue":{"phoneNumber":""}},"level":"error","message":"Error in verifyOtp"}
{"error":{"code":11000,"errorLabelSet":{},"errorResponse":{"code":11000,"errmsg":"E11000 duplicate key error collection: fms-cloud-local-dev-db.userglobals index: phoneNumber_1 dup key: { phoneNumber: \"\" }","index":0,"keyPattern":{"phoneNumber":1},"keyValue":{"phoneNumber":""}},"index":0,"keyPattern":{"phoneNumber":1},"keyValue":{"phoneNumber":""}},"level":"error","message":"Error in verifyOtp"}
{"error":{"code":11000,"errorLabelSet":{},"errorResponse":{"code":11000,"errmsg":"E11000 duplicate key error collection: fms-cloud-local-dev-db.userglobals index: phoneNumber_1 dup key: { phoneNumber: \"\" }","index":0,"keyPattern":{"phoneNumber":1},"keyValue":{"phoneNumber":""}},"index":0,"keyPattern":{"phoneNumber":1},"keyValue":{"phoneNumber":""}},"level":"error","message":"Error in verifyOtp"}
{"error":{"code":11000,"errorLabelSet":{},"errorResponse":{"code":11000,"errmsg":"E11000 duplicate key error collection: fms-cloud-local-dev-db.userglobals index: phoneNumber_1 dup key: { phoneNumber: \"\" }","index":0,"keyPattern":{"phoneNumber":1},"keyValue":{"phoneNumber":""}},"index":0,"keyPattern":{"phoneNumber":1},"keyValue":{"phoneNumber":""}},"level":"error","message":"Error in verifyOtp"}
{"error":{"code":11000,"errorLabelSet":{},"errorResponse":{"code":11000,"errmsg":"E11000 duplicate key error collection: fms-cloud-local-dev-db.userglobals index: phoneNumber_1 dup key: { phoneNumber: \"\" }","index":0,"keyPattern":{"phoneNumber":1},"keyValue":{"phoneNumber":""}},"index":0,"keyPattern":{"phoneNumber":1},"keyValue":{"phoneNumber":""}},"level":"error","message":"Error in verifyOtp"}
{"error":{},"level":"error","message":"Error in verifyOtp"}
{"error":{},"level":"error","message":"Error in verifyOtp"}
{"error":{},"level":"error","message":"Error in verifyOtp"}
{"error":{},"level":"error","message":"Error in verifyOtp"}
{"error":{},"level":"error","message":"Error in verifyOtp"}
{"error":{},"level":"error","message":"Error in verifyOtp"}
{"error":{},"level":"error","message":"Error in verifyOtp"}
{"error":{},"level":"error","message":"Error in verifyOtp"}
{"error":{},"level":"error","message":"Error in verifyOtp"}
{"error":{"code":"EAUTH","command":"AUTH PLAIN","response":"534-5.7.9 Please log in with your web browser and then try again. For more\n534-5.7.9 information, go to\n534 5.7.9  https://support.google.com/mail/?p=WebLoginRequired d9443c01a7336-292471d5612sm139110285ad.65 - gsmtp","responseCode":534},"level":"error","message":"Error in sendOtp"}
{"error":{},"level":"error","message":"Error in registerUser"}
{"email":"kunal1274@gmail.com","level":"error","message":"Missing identifier or method"}
{"email":"kunal1274@gmail.com","level":"error","message":"Missing identifier or method"}
{"email":"ctrmratxen@gmail.com","level":"error","message":"Missing identifier or method"}
{"error":{},"level":"error","message":"Error in resendOtp"}
